<?xml version="1.0" encoding="UTF-8"?>
<!-- Generated by org.testng.reporters.JUnitReportReporter -->
<testsuite hostname="DESKTOP-IMBM639" failures="0" tests="1" name="seleniumChallenges.CountElements" time="173.262" errors="0" timestamp="2025-05-10T14:32:52 PKT" skipped="0">
  <testcase classname="seleniumChallenges.CountElements" name="countElementsOnScrollingPageInfinitly" time="173.262"/>
  <system-out/>
</testsuite> <!-- seleniumChallenges.CountElements -->
