<?xml version="1.0" encoding="UTF-8"?>
<!-- Generated by org.testng.reporters.JUnitReportReporter -->
<testsuite hostname="DESKTOP-IMBM639" failures="0" tests="1" name="seleniumChallenges.FileUpload" time="29.691" errors="0" timestamp="2025-05-09T00:57:59 PKT" skipped="0">
  <testcase classname="seleniumChallenges.FileUpload" name="fileUpload" time="29.691"/>
  <system-out/>
</testsuite> <!-- seleniumChallenges.FileUpload -->
