<?xml version="1.0" encoding="UTF-8"?>
<!-- Generated by org.testng.reporters.JUnitReportReporter -->
<testsuite hostname="DESKTOP-IMBM639" failures="0" tests="1" name="seleniumChallenges.Table" time="9.892" errors="0" timestamp="2025-05-06T01:48:30 PKT" skipped="0">
  <testcase classname="seleniumChallenges.Table" name="handlingDynamicTable" time="9.892"/>
  <system-out/>
</testsuite> <!-- seleniumChallenges.Table -->
