<?xml version="1.0" encoding="UTF-8"?>
<!-- Generated by org.testng.reporters.JUnitReportReporter -->
<testsuite hostname="DESKTOP-IMBM639" failures="0" tests="3" name="seleniumChallenges.ParallelExecutionWithDataProviderInTestNG" time="35.517" errors="0" timestamp="2025-05-11T02:15:00 PKT" skipped="0">
  <testcase classname="seleniumChallenges.ParallelExecutionWithDataProviderInTestNG" name="loginTest" time="11.870"/>
  <system-out/>
  <testcase classname="seleniumChallenges.ParallelExecutionWithDataProviderInTestNG" name="loginTest" time="11.838"/>
  <system-out/>
  <testcase classname="seleniumChallenges.ParallelExecutionWithDataProviderInTestNG" name="loginTest" time="11.809"/>
  <system-out/>
</testsuite> <!-- seleniumChallenges.ParallelExecutionWithDataProviderInTestNG -->
