<?xml version="1.0" encoding="UTF-8"?>
<!-- Generated by org.testng.reporters.JUnitReportReporter -->
<testsuite hostname="DESKTOP-IMBM639" failures="0" tests="1" name="seleniumChallenges.Alerts" time="30.578" errors="0" timestamp="2025-05-04T15:20:40 PKT" skipped="0">
  <testcase classname="seleniumChallenges.Alerts" name="handlingAlertsWithoutUsingSwitchTo" time="30.578"/>
  <system-out/>
</testsuite> <!-- seleniumChallenges.Alerts -->
