<?xml version="1.0" encoding="UTF-8"?>
<!-- Generated by org.testng.reporters.JUnitReportReporter -->
<testsuite hostname="DESKTOP-IMBM639" failures="0" tests="1" name="seleniumChallenges.FindMandatoryFields" time="4.748" errors="0" timestamp="2025-05-10T18:04:09 PKT" skipped="0">
  <testcase classname="seleniumChallenges.FindMandatoryFields" name="findMandatoryFieldsOnPage" time="4.748"/>
  <system-out/>
</testsuite> <!-- seleniumChallenges.FindMandatoryFields -->
