<?xml version="1.0" encoding="UTF-8"?>
<!-- Generated by org.testng.reporters.JUnitReportReporter -->
<testsuite hostname="DESKTOP-IMBM639" failures="0" tests="1" name="seleniumChallenges.HandleAJAXCalls" time="33.190" errors="0" timestamp="2025-05-10T19:30:05 PKT" skipped="0">
  <testcase classname="seleniumChallenges.HandleAJAXCalls" name="handleAJAXCalls" time="33.190"/>
  <system-out/>
</testsuite> <!-- seleniumChallenges.HandleAJAXCalls -->
