<?xml version="1.0" encoding="UTF-8"?>
<!-- Generated by org.testng.reporters.JUnitReportReporter -->
<testsuite hostname="DESKTOP-IMBM639" failures="0" tests="1" name="seleniumChallenges.SortedDropdownList" time="27.080" errors="0" timestamp="2025-05-07T00:50:08 PKT" skipped="0">
  <testcase classname="seleniumChallenges.SortedDropdownList" name="listBoxIsSorted" time="27.080"/>
  <system-out/>
</testsuite> <!-- seleniumChallenges.SortedDropdownList -->
