<?xml version="1.0" encoding="UTF-8"?>
<!-- Generated by org.testng.reporters.JUnitReportReporter -->
<testsuite hostname="DESKTOP-IMBM639" failures="0" tests="1" name="seleniumChallenges.FindElements" time="68.705" errors="0" timestamp="2025-05-10T16:33:42 PKT" skipped="0">
  <testcase classname="seleniumChallenges.FindElements" name="findElementOnScrollingPageInfinitly" time="68.705"/>
  <system-out/>
</testsuite> <!-- seleniumChallenges.FindElements -->
