<?xml version="1.0" encoding="UTF-8"?>
<!-- Generated by org.testng.reporters.JUnitReportReporter -->
<testsuite hostname="DESKTOP-IMBM639" failures="0" tests="1" name="seleniumChallenges.IFrames" time="6.210" errors="0" timestamp="2025-05-04T16:02:56 PKT" skipped="0">
  <testcase classname="seleniumChallenges.IFrames" name="handlingIFramesWithoutUsingSwitchTo" time="6.210"/>
  <system-out/>
</testsuite> <!-- seleniumChallenges.IFrames -->
