<?xml version="1.0" encoding="UTF-8"?>
<!-- Generated by org.testng.reporters.JUnitReportReporter -->
<testsuite hostname="DESKTOP-IMBM639" failures="0" tests="1" name="seleniumChallenges.DuplicateOptionsInListBox" time="26.724" errors="0" timestamp="2025-05-08T00:20:13 PKT" skipped="0">
  <testcase classname="seleniumChallenges.DuplicateOptionsInListBox" name="duplicateItemInListBox" time="26.724"/>
  <system-out/>
</testsuite> <!-- seleniumChallenges.DuplicateOptionsInListBox -->
